[debug] [2025-05-09T14:08:28.929Z] ----------------------------------------------------------------------
[debug] [2025-05-09T14:08:28.933Z] Command:       /home/yk/.nvm/versions/node/v18.20.8/bin/node /home/yk/.nvm/versions/node/v18.20.8/bin/firebase emulators:start --only functions,firestore --project production --debug
[debug] [2025-05-09T14:08:28.934Z] CLI Version:   13.35.1
[debug] [2025-05-09T14:08:28.934Z] Platform:      linux
[debug] [2025-05-09T14:08:28.935Z] Node Version:  v18.20.8
[debug] [2025-05-09T14:08:28.935Z] Time:          Fri May 09 2025 19:38:28 GMT+0530 (India Standard Time)
[debug] [2025-05-09T14:08:28.936Z] ----------------------------------------------------------------------
[debug] 
[debug] [2025-05-09T14:08:29.397Z] > command requires scopes: ["email","openid","https://www.googleapis.com/auth/cloudplatformprojects.readonly","https://www.googleapis.com/auth/firebase","https://www.googleapis.com/auth/cloud-platform"]
[debug] [2025-05-09T14:08:29.399Z] > authorizing via signed-in user (coachkura@gmail.com)
[debug] [2025-05-09T14:08:29.468Z] openjdk version "17.0.15" 2025-04-15
OpenJDK Runtime Environment (build 17.0.15+6-Ubuntu-0ubuntu125.04)
OpenJDK 64-Bit Server VM (build 17.0.15+6-Ubuntu-0ubuntu125.04, mixed mode, sharing)

[debug] [2025-05-09T14:08:29.472Z] Parsed Java major version: 17
[info] i  emulators: Starting emulators: functions, firestore {"metadata":{"emulator":{"name":"hub"},"message":"Starting emulators: functions, firestore"}}
[debug] [2025-05-09T14:08:29.480Z] [logging] Logging Emulator only supports listening on one address (127.0.0.1). Not listening on ::1
[debug] [2025-05-09T14:08:29.480Z] [firestore] Firestore Emulator only supports listening on one address (127.0.0.1). Not listening on ::1
[debug] [2025-05-09T14:08:29.480Z] [firestore.websocket] websocket server for firestore only supports listening on one address (127.0.0.1). Not listening on ::1
[debug] [2025-05-09T14:08:29.481Z] assigned listening specs for emulators {"user":{"hub":[{"address":"127.0.0.1","family":"IPv4","port":4400},{"address":"::1","family":"IPv6","port":4400}],"ui":[{"address":"127.0.0.1","family":"IPv4","port":4000},{"address":"::1","family":"IPv6","port":4000}],"logging":[{"address":"127.0.0.1","family":"IPv4","port":4500}],"firestore":[{"address":"127.0.0.1","family":"IPv4","port":8085}],"firestore.websocket":[{"address":"127.0.0.1","family":"IPv4","port":9150}]},"metadata":{"message":"assigned listening specs for emulators"}}
[warn] ⚠  emulators: It seems that you are running multiple instances of the emulator suite for project astrobalendar-2025-7505d. This may result in unexpected behavior. 
[debug] [2025-05-09T14:08:29.490Z] [hub] writing locator at /tmp/hub-astrobalendar-2025-7505d.json
[debug] [2025-05-09T14:08:29.499Z] [functions] Functions Emulator only supports listening on one address (127.0.0.1). Not listening on ::1
[debug] [2025-05-09T14:08:29.500Z] [eventarc] Eventarc Emulator only supports listening on one address (127.0.0.1). Not listening on ::1
[debug] [2025-05-09T14:08:29.500Z] [tasks] Cloud Tasks Emulator only supports listening on one address (127.0.0.1). Not listening on ::1
[debug] [2025-05-09T14:08:29.500Z] late-assigned ports for functions and eventarc emulators {"user":{"hub":[{"address":"127.0.0.1","family":"IPv4","port":4400},{"address":"::1","family":"IPv6","port":4400}],"ui":[{"address":"127.0.0.1","family":"IPv4","port":4000},{"address":"::1","family":"IPv6","port":4000}],"logging":[{"address":"127.0.0.1","family":"IPv4","port":4500}],"firestore":[{"address":"127.0.0.1","family":"IPv4","port":8085}],"firestore.websocket":[{"address":"127.0.0.1","family":"IPv4","port":9150}],"functions":[{"address":"127.0.0.1","family":"IPv4","port":5005}],"eventarc":[{"address":"127.0.0.1","family":"IPv4","port":9299}],"tasks":[{"address":"127.0.0.1","family":"IPv4","port":9499}]},"metadata":{"message":"late-assigned ports for functions and eventarc emulators"}}
[warn] ⚠  functions: The following emulators are not running, calls to these services from the Functions emulator will affect production: apphosting, auth, database, hosting, pubsub, storage, dataconnect {"metadata":{"emulator":{"name":"functions"},"message":"The following emulators are not running, calls to these services from the Functions emulator will affect production: apphosting, auth, database, hosting, pubsub, storage, dataconnect"}}
[debug] [2025-05-09T14:08:29.544Z] defaultcredentials: writing to file /home/yk/.config/firebase/coachkura_gmail_com_application_default_credentials.json
[debug] [2025-05-09T14:08:29.547Z] Setting GAC to /home/yk/.config/firebase/coachkura_gmail_com_application_default_credentials.json {"metadata":{"emulator":{"name":"functions"},"message":"Setting GAC to /home/yk/.config/firebase/coachkura_gmail_com_application_default_credentials.json"}}
[debug] [2025-05-09T14:08:29.549Z] Checked if tokens are valid: true, expires at: 1746802665207
[debug] [2025-05-09T14:08:29.549Z] Checked if tokens are valid: true, expires at: 1746802665207
[debug] [2025-05-09T14:08:29.551Z] >>> [apiv2][query] GET https://firebase.googleapis.com/v1beta1/projects/astrobalendar-2025-7505d/adminSdkConfig [none]
[debug] [2025-05-09T14:08:30.251Z] <<< [apiv2][status] GET https://firebase.googleapis.com/v1beta1/projects/astrobalendar-2025-7505d/adminSdkConfig 200
[debug] [2025-05-09T14:08:30.251Z] <<< [apiv2][body] GET https://firebase.googleapis.com/v1beta1/projects/astrobalendar-2025-7505d/adminSdkConfig {"projectId":"astrobalendar-2025-7505d","storageBucket":"astrobalendar-2025-7505d.firebasestorage.app"}
[debug] [2025-05-09T14:08:30.291Z] Ignoring unsupported arg: auto_download {"metadata":{"emulator":{"name":"firestore"},"message":"Ignoring unsupported arg: auto_download"}}
[debug] [2025-05-09T14:08:30.291Z] Ignoring unsupported arg: single_project_mode_error {"metadata":{"emulator":{"name":"firestore"},"message":"Ignoring unsupported arg: single_project_mode_error"}}
[debug] [2025-05-09T14:08:30.292Z] Starting Firestore Emulator with command {"binary":"java","args":["-Dgoogle.cloud_firestore.debug_log_level=FINE","-Duser.language=en","-jar","/home/yk/.cache/firebase/emulators/cloud-firestore-emulator-v1.19.8.jar","--host","127.0.0.1","--port",8085,"--websocket_port",9150,"--project_id","astrobalendar-2025-7505d","--rules","/mnt/new_volume/Agent/astrobalendar/apps/backend/firestore.rules","--single_project_mode",true,"--functions_emulator","127.0.0.1:5005"],"optionalArgs":["port","webchannel_port","host","rules","websocket_port","functions_emulator","seed_from_export","project_id","single_project_mode"],"joinArgs":false,"shell":false,"port":8085} {"metadata":{"emulator":{"name":"firestore"},"message":"Starting Firestore Emulator with command {\"binary\":\"java\",\"args\":[\"-Dgoogle.cloud_firestore.debug_log_level=FINE\",\"-Duser.language=en\",\"-jar\",\"/home/yk/.cache/firebase/emulators/cloud-firestore-emulator-v1.19.8.jar\",\"--host\",\"127.0.0.1\",\"--port\",8085,\"--websocket_port\",9150,\"--project_id\",\"astrobalendar-2025-7505d\",\"--rules\",\"/mnt/new_volume/Agent/astrobalendar/apps/backend/firestore.rules\",\"--single_project_mode\",true,\"--functions_emulator\",\"127.0.0.1:5005\"],\"optionalArgs\":[\"port\",\"webchannel_port\",\"host\",\"rules\",\"websocket_port\",\"functions_emulator\",\"seed_from_export\",\"project_id\",\"single_project_mode\"],\"joinArgs\":false,\"shell\":false,\"port\":8085}"}}
[info] i  firestore: Firestore Emulator logging to firestore-debug.log {"metadata":{"emulator":{"name":"firestore"},"message":"Firestore Emulator logging to firestore-debug.log"}}
[debug] [2025-05-09T14:08:32.202Z] May 09, 2025 7:38:32 PM com.google.cloud.datastore.emulator.firestore.websocket.WebSocketServer start
INFO: Started WebSocket server on ws://127.0.0.1:9150
 {"metadata":{"emulator":{"name":"firestore"},"message":"May 09, 2025 7:38:32 PM com.google.cloud.datastore.emulator.firestore.websocket.WebSocketServer start\nINFO: Started WebSocket server on ws://127.0.0.1:9150\n"}}
[debug] [2025-05-09T14:08:32.251Z] API endpoint: http:// {"metadata":{"emulator":{"name":"firestore"},"message":"API endpoint: http://"}}
[debug] [2025-05-09T14:08:32.252Z] 127.0.0.1:8085
If you are using a library that supports the FIRESTORE_EMULATOR_HOST environment variable, run:

   export FIRESTORE_EMULATOR_HOST=127.0.0.1:8085

If you are running a Firestore in Datastore Mode project, run:

   export DATASTORE_EMULATOR_HOST=127.0.0.1:8085

Note: Support for Datastore Mode is in preview. If you encounter any bugs please file at https://github.com/firebase/firebase-tools/issues.
Dev App Server is now running.

 {"metadata":{"emulator":{"name":"firestore"},"message":"127.0.0.1:8085\nIf you are using a library that supports the FIRESTORE_EMULATOR_HOST environment variable, run:\n\n   export FIRESTORE_EMULATOR_HOST=127.0.0.1:8085\n\nIf you are running a Firestore in Datastore Mode project, run:\n\n   export DATASTORE_EMULATOR_HOST=127.0.0.1:8085\n\nNote: Support for Datastore Mode is in preview. If you encounter any bugs please file at https://github.com/firebase/firebase-tools/issues.\nDev App Server is now running.\n\n"}}
[info] ✔  firestore: Firestore Emulator UI websocket is running on 9150. {"metadata":{"emulator":{"name":"firestore"},"message":"Firestore Emulator UI websocket is running on 9150."}}
[info] i  ui: downloading ui-v1.14.0.zip... {"metadata":{"emulator":{"name":"ui"},"message":"downloading ui-v1.14.0.zip..."}}
[debug] [2025-05-09T14:08:32.341Z] >>> [apiv2][query] GET https://storage.googleapis.com/firebase-preview-drop/emulator/ui-v1.14.0.zip 
[debug] [2025-05-09T14:08:32.747Z] <<< [apiv2][status] GET https://storage.googleapis.com/firebase-preview-drop/emulator/ui-v1.14.0.zip 200
[debug] [2025-05-09T14:08:32.747Z] <<< [apiv2][body] GET https://storage.googleapis.com/firebase-preview-drop/emulator/ui-v1.14.0.zip [stream]
[debug] [2025-05-09T14:08:33.070Z] Data is 3615311
[debug] [2025-05-09T14:08:33.070Z] [unzip] Entry: client/ (compressed_size=0 bytes, uncompressed_size=0 bytes)
[debug] [2025-05-09T14:08:33.070Z] [unzip] Processing entry: client/
[debug] [2025-05-09T14:08:33.070Z] [unzip] mkdir: /home/yk/.cache/firebase/emulators/ui-v1.14.0/client/
[debug] [2025-05-09T14:08:33.071Z] [unzip] Entry: client/favicon-16x16.png (compressed_size=293 bytes, uncompressed_size=293 bytes)
[debug] [2025-05-09T14:08:33.072Z] [unzip] Processing entry: client/favicon-16x16.png
[debug] [2025-05-09T14:08:33.072Z] [unzip] else mkdir: /home/yk/.cache/firebase/emulators/ui-v1.14.0/client
[debug] [2025-05-09T14:08:33.072Z] [unzip] Writing file: /home/yk/.cache/firebase/emulators/ui-v1.14.0/client/favicon-16x16.png
[debug] [2025-05-09T14:08:33.074Z] [unzip] Entry: client/safari-pinned-tab.svg (compressed_size=1433 bytes, uncompressed_size=2611 bytes)
[debug] [2025-05-09T14:08:33.074Z] [unzip] Processing entry: client/safari-pinned-tab.svg
[debug] [2025-05-09T14:08:33.075Z] [unzip] else mkdir: /home/yk/.cache/firebase/emulators/ui-v1.14.0/client
[debug] [2025-05-09T14:08:33.075Z] [unzip] deflating: /home/yk/.cache/firebase/emulators/ui-v1.14.0/client/safari-pinned-tab.svg
[debug] [2025-05-09T14:08:33.081Z] [unzip] Entry: client/favicon.ico (compressed_size=2933 bytes, uncompressed_size=13294 bytes)
[debug] [2025-05-09T14:08:33.081Z] [unzip] Processing entry: client/favicon.ico
[debug] [2025-05-09T14:08:33.081Z] [unzip] else mkdir: /home/yk/.cache/firebase/emulators/ui-v1.14.0/client
[debug] [2025-05-09T14:08:33.082Z] [unzip] deflating: /home/yk/.cache/firebase/emulators/ui-v1.14.0/client/favicon.ico
[debug] [2025-05-09T14:08:33.083Z] [unzip] Entry: client/index.html (compressed_size=1363 bytes, uncompressed_size=3071 bytes)
[debug] [2025-05-09T14:08:33.083Z] [unzip] Processing entry: client/index.html
[debug] [2025-05-09T14:08:33.083Z] [unzip] else mkdir: /home/yk/.cache/firebase/emulators/ui-v1.14.0/client
[debug] [2025-05-09T14:08:33.084Z] [unzip] deflating: /home/yk/.cache/firebase/emulators/ui-v1.14.0/client/index.html
[debug] [2025-05-09T14:08:33.085Z] [unzip] Entry: client/android-chrome-192x192.png (compressed_size=2684 bytes, uncompressed_size=2684 bytes)
[debug] [2025-05-09T14:08:33.085Z] [unzip] Processing entry: client/android-chrome-192x192.png
[debug] [2025-05-09T14:08:33.086Z] [unzip] else mkdir: /home/yk/.cache/firebase/emulators/ui-v1.14.0/client
[debug] [2025-05-09T14:08:33.086Z] [unzip] Writing file: /home/yk/.cache/firebase/emulators/ui-v1.14.0/client/android-chrome-192x192.png
[debug] [2025-05-09T14:08:33.086Z] [unzip] Entry: client/apple-touch-icon.png (compressed_size=2123 bytes, uncompressed_size=2152 bytes)
[debug] [2025-05-09T14:08:33.087Z] [unzip] Processing entry: client/apple-touch-icon.png
[debug] [2025-05-09T14:08:33.087Z] [unzip] else mkdir: /home/yk/.cache/firebase/emulators/ui-v1.14.0/client
[debug] [2025-05-09T14:08:33.087Z] [unzip] deflating: /home/yk/.cache/firebase/emulators/ui-v1.14.0/client/apple-touch-icon.png
[debug] [2025-05-09T14:08:33.088Z] [unzip] Entry: client/android-chrome-512x512.png (compressed_size=5369 bytes, uncompressed_size=5411 bytes)
[debug] [2025-05-09T14:08:33.088Z] [unzip] Processing entry: client/android-chrome-512x512.png
[debug] [2025-05-09T14:08:33.088Z] [unzip] else mkdir: /home/yk/.cache/firebase/emulators/ui-v1.14.0/client
[debug] [2025-05-09T14:08:33.089Z] [unzip] deflating: /home/yk/.cache/firebase/emulators/ui-v1.14.0/client/android-chrome-512x512.png
[debug] [2025-05-09T14:08:33.090Z] [unzip] Entry: client/manifest.json (compressed_size=245 bytes, uncompressed_size=551 bytes)
[debug] [2025-05-09T14:08:33.090Z] [unzip] Processing entry: client/manifest.json
[debug] [2025-05-09T14:08:33.090Z] [unzip] else mkdir: /home/yk/.cache/firebase/emulators/ui-v1.14.0/client
[debug] [2025-05-09T14:08:33.090Z] [unzip] deflating: /home/yk/.cache/firebase/emulators/ui-v1.14.0/client/manifest.json
[debug] [2025-05-09T14:08:33.092Z] [unzip] Entry: client/robots.txt (compressed_size=26 bytes, uncompressed_size=26 bytes)
[debug] [2025-05-09T14:08:33.092Z] [unzip] Processing entry: client/robots.txt
[debug] [2025-05-09T14:08:33.092Z] [unzip] else mkdir: /home/yk/.cache/firebase/emulators/ui-v1.14.0/client
[debug] [2025-05-09T14:08:33.092Z] [unzip] Writing file: /home/yk/.cache/firebase/emulators/ui-v1.14.0/client/robots.txt
[debug] [2025-05-09T14:08:33.093Z] [unzip] Entry: client/mstile-150x150.png (compressed_size=2034 bytes, uncompressed_size=2034 bytes)
[debug] [2025-05-09T14:08:33.093Z] [unzip] Processing entry: client/mstile-150x150.png
[debug] [2025-05-09T14:08:33.093Z] [unzip] else mkdir: /home/yk/.cache/firebase/emulators/ui-v1.14.0/client
[debug] [2025-05-09T14:08:33.093Z] [unzip] Writing file: /home/yk/.cache/firebase/emulators/ui-v1.14.0/client/mstile-150x150.png
[debug] [2025-05-09T14:08:33.094Z] [unzip] Entry: client/assets/ (compressed_size=0 bytes, uncompressed_size=0 bytes)
[debug] [2025-05-09T14:08:33.094Z] [unzip] Processing entry: client/assets/
[debug] [2025-05-09T14:08:33.094Z] [unzip] mkdir: /home/yk/.cache/firebase/emulators/ui-v1.14.0/client/assets/
[debug] [2025-05-09T14:08:33.094Z] [unzip] Entry: client/assets/index-ClZTY_JS.js.map (compressed_size=2328270 bytes, uncompressed_size=9947004 bytes)
[debug] [2025-05-09T14:08:33.094Z] [unzip] Processing entry: client/assets/index-ClZTY_JS.js.map
[debug] [2025-05-09T14:08:33.094Z] [unzip] else mkdir: /home/yk/.cache/firebase/emulators/ui-v1.14.0/client/assets
[debug] [2025-05-09T14:08:33.095Z] [unzip] deflating: /home/yk/.cache/firebase/emulators/ui-v1.14.0/client/assets/index-ClZTY_JS.js.map
[debug] [2025-05-09T14:08:33.179Z] [unzip] Entry: client/assets/index-ClZTY_JS.js (compressed_size=567195 bytes, uncompressed_size=2035940 bytes)
[debug] [2025-05-09T14:08:33.179Z] [unzip] Processing entry: client/assets/index-ClZTY_JS.js
[debug] [2025-05-09T14:08:33.180Z] [unzip] else mkdir: /home/yk/.cache/firebase/emulators/ui-v1.14.0/client/assets
[debug] [2025-05-09T14:08:33.180Z] [unzip] deflating: /home/yk/.cache/firebase/emulators/ui-v1.14.0/client/assets/index-ClZTY_JS.js
[debug] [2025-05-09T14:08:33.201Z] [unzip] Entry: client/assets/index-BdgySamB.css (compressed_size=35979 bytes, uncompressed_size=298654 bytes)
[debug] [2025-05-09T14:08:33.202Z] [unzip] Processing entry: client/assets/index-BdgySamB.css
[debug] [2025-05-09T14:08:33.202Z] [unzip] else mkdir: /home/yk/.cache/firebase/emulators/ui-v1.14.0/client/assets
[debug] [2025-05-09T14:08:33.203Z] [unzip] deflating: /home/yk/.cache/firebase/emulators/ui-v1.14.0/client/assets/index-BdgySamB.css
[debug] [2025-05-09T14:08:33.206Z] [unzip] Entry: client/assets/extensions/ (compressed_size=0 bytes, uncompressed_size=0 bytes)
[debug] [2025-05-09T14:08:33.207Z] [unzip] Processing entry: client/assets/extensions/
[debug] [2025-05-09T14:08:33.207Z] [unzip] mkdir: /home/yk/.cache/firebase/emulators/ui-v1.14.0/client/assets/extensions/
[debug] [2025-05-09T14:08:33.207Z] [unzip] Entry: client/assets/extensions/default-extension.png (compressed_size=1646 bytes, uncompressed_size=1657 bytes)
[debug] [2025-05-09T14:08:33.207Z] [unzip] Processing entry: client/assets/extensions/default-extension.png
[debug] [2025-05-09T14:08:33.207Z] [unzip] else mkdir: /home/yk/.cache/firebase/emulators/ui-v1.14.0/client/assets/extensions
[debug] [2025-05-09T14:08:33.207Z] [unzip] deflating: /home/yk/.cache/firebase/emulators/ui-v1.14.0/client/assets/extensions/default-extension.png
[debug] [2025-05-09T14:08:33.209Z] [unzip] Entry: client/assets/img/ (compressed_size=0 bytes, uncompressed_size=0 bytes)
[debug] [2025-05-09T14:08:33.209Z] [unzip] Processing entry: client/assets/img/
[debug] [2025-05-09T14:08:33.209Z] [unzip] mkdir: /home/yk/.cache/firebase/emulators/ui-v1.14.0/client/assets/img/
[debug] [2025-05-09T14:08:33.209Z] [unzip] Entry: client/assets/img/database.png (compressed_size=29449 bytes, uncompressed_size=29988 bytes)
[debug] [2025-05-09T14:08:33.210Z] [unzip] Processing entry: client/assets/img/database.png
[debug] [2025-05-09T14:08:33.210Z] [unzip] else mkdir: /home/yk/.cache/firebase/emulators/ui-v1.14.0/client/assets/img
[debug] [2025-05-09T14:08:33.210Z] [unzip] deflating: /home/yk/.cache/firebase/emulators/ui-v1.14.0/client/assets/img/database.png
[debug] [2025-05-09T14:08:33.211Z] [unzip] Entry: client/assets/provider-icons/ (compressed_size=0 bytes, uncompressed_size=0 bytes)
[debug] [2025-05-09T14:08:33.212Z] [unzip] Processing entry: client/assets/provider-icons/
[debug] [2025-05-09T14:08:33.212Z] [unzip] mkdir: /home/yk/.cache/firebase/emulators/ui-v1.14.0/client/assets/provider-icons/
[debug] [2025-05-09T14:08:33.212Z] [unzip] Entry: client/assets/provider-icons/auth_service_saml.svg (compressed_size=575 bytes, uncompressed_size=1226 bytes)
[debug] [2025-05-09T14:08:33.212Z] [unzip] Processing entry: client/assets/provider-icons/auth_service_saml.svg
[debug] [2025-05-09T14:08:33.212Z] [unzip] else mkdir: /home/yk/.cache/firebase/emulators/ui-v1.14.0/client/assets/provider-icons
[debug] [2025-05-09T14:08:33.212Z] [unzip] deflating: /home/yk/.cache/firebase/emulators/ui-v1.14.0/client/assets/provider-icons/auth_service_saml.svg
[debug] [2025-05-09T14:08:33.214Z] [unzip] Entry: client/assets/provider-icons/auth_service_phone.svg (compressed_size=261 bytes, uncompressed_size=414 bytes)
[debug] [2025-05-09T14:08:33.214Z] [unzip] Processing entry: client/assets/provider-icons/auth_service_phone.svg
[debug] [2025-05-09T14:08:33.214Z] [unzip] else mkdir: /home/yk/.cache/firebase/emulators/ui-v1.14.0/client/assets/provider-icons
[debug] [2025-05-09T14:08:33.214Z] [unzip] deflating: /home/yk/.cache/firebase/emulators/ui-v1.14.0/client/assets/provider-icons/auth_service_phone.svg
[debug] [2025-05-09T14:08:33.215Z] [unzip] Entry: client/assets/provider-icons/auth_service_facebook.svg (compressed_size=289 bytes, uncompressed_size=457 bytes)
[debug] [2025-05-09T14:08:33.215Z] [unzip] Processing entry: client/assets/provider-icons/auth_service_facebook.svg
[debug] [2025-05-09T14:08:33.215Z] [unzip] else mkdir: /home/yk/.cache/firebase/emulators/ui-v1.14.0/client/assets/provider-icons
[debug] [2025-05-09T14:08:33.216Z] [unzip] deflating: /home/yk/.cache/firebase/emulators/ui-v1.14.0/client/assets/provider-icons/auth_service_facebook.svg
[debug] [2025-05-09T14:08:33.217Z] [unzip] Entry: client/assets/provider-icons/auth_service_game_center.svg (compressed_size=991 bytes, uncompressed_size=3921 bytes)
[debug] [2025-05-09T14:08:33.217Z] [unzip] Processing entry: client/assets/provider-icons/auth_service_game_center.svg
[debug] [2025-05-09T14:08:33.217Z] [unzip] else mkdir: /home/yk/.cache/firebase/emulators/ui-v1.14.0/client/assets/provider-icons
[debug] [2025-05-09T14:08:33.217Z] [unzip] deflating: /home/yk/.cache/firebase/emulators/ui-v1.14.0/client/assets/provider-icons/auth_service_game_center.svg
[debug] [2025-05-09T14:08:33.219Z] [unzip] Entry: client/assets/provider-icons/auth_service_apple.svg (compressed_size=230 bytes, uncompressed_size=334 bytes)
[debug] [2025-05-09T14:08:33.219Z] [unzip] Processing entry: client/assets/provider-icons/auth_service_apple.svg
[debug] [2025-05-09T14:08:33.219Z] [unzip] else mkdir: /home/yk/.cache/firebase/emulators/ui-v1.14.0/client/assets/provider-icons
[debug] [2025-05-09T14:08:33.219Z] [unzip] deflating: /home/yk/.cache/firebase/emulators/ui-v1.14.0/client/assets/provider-icons/auth_service_apple.svg
[debug] [2025-05-09T14:08:33.220Z] [unzip] Entry: client/assets/provider-icons/auth_service_github.svg (compressed_size=466 bytes, uncompressed_size=838 bytes)
[debug] [2025-05-09T14:08:33.220Z] [unzip] Processing entry: client/assets/provider-icons/auth_service_github.svg
[debug] [2025-05-09T14:08:33.220Z] [unzip] else mkdir: /home/yk/.cache/firebase/emulators/ui-v1.14.0/client/assets/provider-icons
[debug] [2025-05-09T14:08:33.221Z] [unzip] deflating: /home/yk/.cache/firebase/emulators/ui-v1.14.0/client/assets/provider-icons/auth_service_github.svg
[debug] [2025-05-09T14:08:33.222Z] [unzip] Entry: client/assets/provider-icons/auth_service_mslive.svg (compressed_size=203 bytes, uncompressed_size=378 bytes)
[debug] [2025-05-09T14:08:33.222Z] [unzip] Processing entry: client/assets/provider-icons/auth_service_mslive.svg
[debug] [2025-05-09T14:08:33.222Z] [unzip] else mkdir: /home/yk/.cache/firebase/emulators/ui-v1.14.0/client/assets/provider-icons
[debug] [2025-05-09T14:08:33.222Z] [unzip] deflating: /home/yk/.cache/firebase/emulators/ui-v1.14.0/client/assets/provider-icons/auth_service_mslive.svg
[debug] [2025-05-09T14:08:33.223Z] [unzip] Entry: client/assets/provider-icons/auth_service_yahoo.svg (compressed_size=577 bytes, uncompressed_size=1182 bytes)
[debug] [2025-05-09T14:08:33.223Z] [unzip] Processing entry: client/assets/provider-icons/auth_service_yahoo.svg
[debug] [2025-05-09T14:08:33.223Z] [unzip] else mkdir: /home/yk/.cache/firebase/emulators/ui-v1.14.0/client/assets/provider-icons
[debug] [2025-05-09T14:08:33.224Z] [unzip] deflating: /home/yk/.cache/firebase/emulators/ui-v1.14.0/client/assets/provider-icons/auth_service_yahoo.svg
[debug] [2025-05-09T14:08:33.225Z] [unzip] Entry: client/assets/provider-icons/auth_service_twitter.svg (compressed_size=444 bytes, uncompressed_size=751 bytes)
[debug] [2025-05-09T14:08:33.225Z] [unzip] Processing entry: client/assets/provider-icons/auth_service_twitter.svg
[debug] [2025-05-09T14:08:33.225Z] [unzip] else mkdir: /home/yk/.cache/firebase/emulators/ui-v1.14.0/client/assets/provider-icons
[debug] [2025-05-09T14:08:33.226Z] [unzip] deflating: /home/yk/.cache/firebase/emulators/ui-v1.14.0/client/assets/provider-icons/auth_service_twitter.svg
[debug] [2025-05-09T14:08:33.227Z] [unzip] Entry: client/assets/provider-icons/auth_service_play_games.svg (compressed_size=565 bytes, uncompressed_size=1173 bytes)
[debug] [2025-05-09T14:08:33.227Z] [unzip] Processing entry: client/assets/provider-icons/auth_service_play_games.svg
[debug] [2025-05-09T14:08:33.227Z] [unzip] else mkdir: /home/yk/.cache/firebase/emulators/ui-v1.14.0/client/assets/provider-icons
[debug] [2025-05-09T14:08:33.227Z] [unzip] deflating: /home/yk/.cache/firebase/emulators/ui-v1.14.0/client/assets/provider-icons/auth_service_play_games.svg
[debug] [2025-05-09T14:08:33.228Z] [unzip] Entry: client/assets/provider-icons/auth_service_email.svg (compressed_size=228 bytes, uncompressed_size=326 bytes)
[debug] [2025-05-09T14:08:33.228Z] [unzip] Processing entry: client/assets/provider-icons/auth_service_email.svg
[debug] [2025-05-09T14:08:33.228Z] [unzip] else mkdir: /home/yk/.cache/firebase/emulators/ui-v1.14.0/client/assets/provider-icons
[debug] [2025-05-09T14:08:33.228Z] [unzip] deflating: /home/yk/.cache/firebase/emulators/ui-v1.14.0/client/assets/provider-icons/auth_service_email.svg
[debug] [2025-05-09T14:08:33.229Z] [unzip] Entry: client/assets/provider-icons/auth_service_google.svg (compressed_size=409 bytes, uncompressed_size=720 bytes)
[debug] [2025-05-09T14:08:33.230Z] [unzip] Processing entry: client/assets/provider-icons/auth_service_google.svg
[debug] [2025-05-09T14:08:33.230Z] [unzip] else mkdir: /home/yk/.cache/firebase/emulators/ui-v1.14.0/client/assets/provider-icons
[debug] [2025-05-09T14:08:33.230Z] [unzip] deflating: /home/yk/.cache/firebase/emulators/ui-v1.14.0/client/assets/provider-icons/auth_service_google.svg
[debug] [2025-05-09T14:08:33.231Z] [unzip] Entry: client/assets/provider-icons/auth_service_oidc.svg (compressed_size=414 bytes, uncompressed_size=858 bytes)
[debug] [2025-05-09T14:08:33.231Z] [unzip] Processing entry: client/assets/provider-icons/auth_service_oidc.svg
[debug] [2025-05-09T14:08:33.231Z] [unzip] else mkdir: /home/yk/.cache/firebase/emulators/ui-v1.14.0/client/assets/provider-icons
[debug] [2025-05-09T14:08:33.232Z] [unzip] deflating: /home/yk/.cache/firebase/emulators/ui-v1.14.0/client/assets/provider-icons/auth_service_oidc.svg
[debug] [2025-05-09T14:08:33.232Z] [unzip] Entry: client/browserconfig.xml (compressed_size=491 bytes, uncompressed_size=822 bytes)
[debug] [2025-05-09T14:08:33.233Z] [unzip] Processing entry: client/browserconfig.xml
[debug] [2025-05-09T14:08:33.233Z] [unzip] else mkdir: /home/yk/.cache/firebase/emulators/ui-v1.14.0/client
[debug] [2025-05-09T14:08:33.233Z] [unzip] deflating: /home/yk/.cache/firebase/emulators/ui-v1.14.0/client/browserconfig.xml
[debug] [2025-05-09T14:08:33.234Z] [unzip] Entry: client/favicon-32x32.png (compressed_size=475 bytes, uncompressed_size=475 bytes)
[debug] [2025-05-09T14:08:33.234Z] [unzip] Processing entry: client/favicon-32x32.png
[debug] [2025-05-09T14:08:33.234Z] [unzip] else mkdir: /home/yk/.cache/firebase/emulators/ui-v1.14.0/client
[debug] [2025-05-09T14:08:33.234Z] [unzip] Writing file: /home/yk/.cache/firebase/emulators/ui-v1.14.0/client/favicon-32x32.png
[debug] [2025-05-09T14:08:33.235Z] [unzip] Entry: server/ (compressed_size=0 bytes, uncompressed_size=0 bytes)
[debug] [2025-05-09T14:08:33.235Z] [unzip] Processing entry: server/
[debug] [2025-05-09T14:08:33.235Z] [unzip] mkdir: /home/yk/.cache/firebase/emulators/ui-v1.14.0/server/
[debug] [2025-05-09T14:08:33.235Z] [unzip] Entry: server/server.mjs.map (compressed_size=296496 bytes, uncompressed_size=1355667 bytes)
[debug] [2025-05-09T14:08:33.236Z] [unzip] Processing entry: server/server.mjs.map
[debug] [2025-05-09T14:08:33.236Z] [unzip] else mkdir: /home/yk/.cache/firebase/emulators/ui-v1.14.0/server
[debug] [2025-05-09T14:08:33.236Z] [unzip] deflating: /home/yk/.cache/firebase/emulators/ui-v1.14.0/server/server.mjs.map
[debug] [2025-05-09T14:08:33.248Z] [unzip] Entry: server/server.mjs (compressed_size=315701 bytes, uncompressed_size=1172682 bytes)
[debug] [2025-05-09T14:08:33.248Z] [unzip] Processing entry: server/server.mjs
[debug] [2025-05-09T14:08:33.248Z] [unzip] else mkdir: /home/yk/.cache/firebase/emulators/ui-v1.14.0/server
[debug] [2025-05-09T14:08:33.249Z] [unzip] deflating: /home/yk/.cache/firebase/emulators/ui-v1.14.0/server/server.mjs
[debug] [2025-05-09T14:08:33.262Z] [unzip] Entry: server/assets/ (compressed_size=0 bytes, uncompressed_size=0 bytes)
[debug] [2025-05-09T14:08:33.262Z] [unzip] Processing entry: server/assets/
[debug] [2025-05-09T14:08:33.262Z] [unzip] mkdir: /home/yk/.cache/firebase/emulators/ui-v1.14.0/server/assets/
[debug] [2025-05-09T14:08:33.262Z] [unzip] Entry: server/assets/multipart-parser-DGCUZdXu.mjs.map (compressed_size=4791 bytes, uncompressed_size=17918 bytes)
[debug] [2025-05-09T14:08:33.263Z] [unzip] Processing entry: server/assets/multipart-parser-DGCUZdXu.mjs.map
[debug] [2025-05-09T14:08:33.263Z] [unzip] else mkdir: /home/yk/.cache/firebase/emulators/ui-v1.14.0/server/assets
[debug] [2025-05-09T14:08:33.263Z] [unzip] deflating: /home/yk/.cache/firebase/emulators/ui-v1.14.0/server/assets/multipart-parser-DGCUZdXu.mjs.map
[debug] [2025-05-09T14:08:33.264Z] [unzip] Entry: server/assets/multipart-parser-DGCUZdXu.mjs (compressed_size=2621 bytes, uncompressed_size=10390 bytes)
[debug] [2025-05-09T14:08:33.264Z] [unzip] Processing entry: server/assets/multipart-parser-DGCUZdXu.mjs
[debug] [2025-05-09T14:08:33.264Z] [unzip] else mkdir: /home/yk/.cache/firebase/emulators/ui-v1.14.0/server/assets
[debug] [2025-05-09T14:08:33.264Z] [unzip] deflating: /home/yk/.cache/firebase/emulators/ui-v1.14.0/server/assets/multipart-parser-DGCUZdXu.mjs
[info] i  ui: Removing outdated emulator files: ui-v1.15.0 {"metadata":{"emulator":{"name":"ui"},"message":"Removing outdated emulator files: ui-v1.15.0"}}
[info] i  ui: Removing outdated emulator files: ui-v1.15.0.zip {"metadata":{"emulator":{"name":"ui"},"message":"Removing outdated emulator files: ui-v1.15.0.zip"}}
[info] i  functions: Watching "/mnt/new_volume/Agent/astrobalendar/apps/backend/functions" for Cloud Functions... {"metadata":{"emulator":{"name":"functions"},"message":"Watching \"/mnt/new_volume/Agent/astrobalendar/apps/backend/functions\" for Cloud Functions..."}}
[debug] [2025-05-09T14:08:33.283Z] Validating nodejs source
[debug] [2025-05-09T14:08:34.329Z] > [functions] package.json contents: {
  "name": "astrobalendar-backend-functions",
  "description": "Firebase Cloud Functions for AstroBalendar astrology app",
  "main": "lib/index.js",
  "scripts": {
    "build": "tsc",
    "serve": "firebase emulators:start --only functions,firestore",
    "deploy": "firebase deploy --only functions"
  },
  "engines": {
    "node": "18"
  },
  "dependencies": {
    "cors": "^2.8.5",
    "express": "^4.21.2",
    "firebase-admin": "^13.3.0",
    "firebase-functions": "^6.3.2"
  },
  "devDependencies": {
    "@types/express": "^4.17.21",
    "typescript": "^5.3.3"
  }
}
[debug] [2025-05-09T14:08:34.330Z] Building nodejs source
[debug] [2025-05-09T14:08:34.331Z] Failed to find version of module node: reached end of search path /mnt/new_volume/Agent/astrobalendar/apps/backend/functions/node_modules
[info] ✔  functions: Using node@18 from host. 
[debug] [2025-05-09T14:08:34.335Z] Could not find functions.yaml. Must use http discovery
[debug] [2025-05-09T14:08:34.341Z] Found firebase-functions binary at '/mnt/new_volume/Agent/astrobalendar/apps/backend/functions/node_modules/.bin/firebase-functions'
[info] Serving at port 8138

[debug] [2025-05-09T14:08:35.280Z] Got response from /__/functions.yaml {"endpoints":{"api":{"availableMemoryMb":null,"timeoutSeconds":null,"minInstances":null,"maxInstances":null,"ingressSettings":null,"concurrency":null,"serviceAccountEmail":null,"vpc":null,"platform":"gcfv2","labels":{},"httpsTrigger":{},"entryPoint":"api"}},"specVersion":"v1alpha1","requiredAPIs":[],"extensions":{}}
[info] ✔  functions: Loaded functions definitions from source: api. {"metadata":{"emulator":{"name":"functions"},"message":"Loaded functions definitions from source: api."}}
[info] ✔  functions[us-central1-api]: http function initialized (http://127.0.0.1:5005/astrobalendar-2025-7505d/us-central1/api). {"metadata":{"emulator":{"name":"functions"},"message":"http function initialized (http://127.0.0.1:5005/astrobalendar-2025-7505d/us-central1/api)."}}
[info] 
┌─────────────────────────────────────────────────────────────┐
│ ✔  All emulators ready! It is now safe to connect your app. │
│ i  View Emulator UI at http://127.0.0.1:4000/               │
└─────────────────────────────────────────────────────────────┘

┌───────────┬────────────────┬─────────────────────────────────┐
│ Emulator  │ Host:Port      │ View in Emulator UI             │
├───────────┼────────────────┼─────────────────────────────────┤
│ Functions │ 127.0.0.1:5005 │ http://127.0.0.1:4000/functions │
├───────────┼────────────────┼─────────────────────────────────┤
│ Firestore │ 127.0.0.1:8085 │ http://127.0.0.1:4000/firestore │
└───────────┴────────────────┴─────────────────────────────────┘
  Emulator Hub host: 127.0.0.1 port: 4400
  Other reserved ports: 4500, 9150

Issues? Report them at https://github.com/firebase/firebase-tools/issues and attach the *-debug.log files.
 
[debug] [2025-05-09T14:24:45.103Z] [work-queue] {"queuedWork":["/astrobalendar-2025-7505d/us-central1/api/health-2025-05-09T14:24:45.103Z"],"queueLength":1,"runningWork":[],"workRunningCount":0}
[debug] [2025-05-09T14:24:45.104Z] [work-queue] {"queuedWork":[],"queueLength":0,"runningWork":["/astrobalendar-2025-7505d/us-central1/api/health-2025-05-09T14:24:45.103Z"],"workRunningCount":1}
[debug] [2025-05-09T14:24:45.105Z] Accepted request GET /astrobalendar-2025-7505d/us-central1/api/health --> us-central1-api
[debug] [2025-05-09T14:24:45.110Z] [functions] Runtime ready! Sending request! {"metadata":{"emulator":{"name":"functions"},"message":"[functions] Runtime ready! Sending request!"}}
[debug] [2025-05-09T14:24:45.111Z] [functions] Got req.url=/astrobalendar-2025-7505d/us-central1/api/health, mapping to path=/health {"metadata":{"emulator":{"name":"functions"},"message":"[functions] Got req.url=/astrobalendar-2025-7505d/us-central1/api/health, mapping to path=/health"}}
[debug] [2025-05-09T14:24:45.126Z] [worker-pool] addWorker(us-central1-api) {"metadata":{"emulator":{"name":"functions"},"message":"[worker-pool] addWorker(us-central1-api)"}}
[debug] [2025-05-09T14:24:45.128Z] [worker-pool] Adding worker with key us-central1-api, total=1 {"metadata":{"emulator":{"name":"functions"},"message":"[worker-pool] Adding worker with key us-central1-api, total=1"}}
[debug] [2025-05-09T14:24:46.942Z] [runtime-status] [339062] Resolved module firebase-admin {"declared":true,"installed":true,"version":"13.3.0","resolution":"/mnt/new_volume/Agent/astrobalendar/apps/backend/functions/node_modules/firebase-admin/lib/index.js"} {"metadata":{"emulator":{"name":"functions"},"function":{"name":"us-central1-api"},"extension":{},"message":"[runtime-status] [339062] Resolved module firebase-admin {\"declared\":true,\"installed\":true,\"version\":\"13.3.0\",\"resolution\":\"/mnt/new_volume/Agent/astrobalendar/apps/backend/functions/node_modules/firebase-admin/lib/index.js\"}"}}
[debug] [2025-05-09T14:24:46.943Z] [runtime-status] [339062] Resolved module firebase-functions {"declared":true,"installed":true,"version":"6.3.2","resolution":"/mnt/new_volume/Agent/astrobalendar/apps/backend/functions/node_modules/firebase-functions/lib/v2/index.js"} {"metadata":{"emulator":{"name":"functions"},"function":{"name":"us-central1-api"},"extension":{},"message":"[runtime-status] [339062] Resolved module firebase-functions {\"declared\":true,\"installed\":true,\"version\":\"6.3.2\",\"resolution\":\"/mnt/new_volume/Agent/astrobalendar/apps/backend/functions/node_modules/firebase-functions/lib/v2/index.js\"}"}}
[debug] [2025-05-09T14:24:46.945Z] [runtime-status] [339062] Outgoing network have been stubbed. [{"name":"http","status":"mocked"},{"name":"http","status":"mocked"},{"name":"https","status":"mocked"},{"name":"https","status":"mocked"},{"name":"net","status":"mocked"}] {"metadata":{"emulator":{"name":"functions"},"function":{"name":"us-central1-api"},"extension":{},"message":"[runtime-status] [339062] Outgoing network have been stubbed. [{\"name\":\"http\",\"status\":\"mocked\"},{\"name\":\"http\",\"status\":\"mocked\"},{\"name\":\"https\",\"status\":\"mocked\"},{\"name\":\"https\",\"status\":\"mocked\"},{\"name\":\"net\",\"status\":\"mocked\"}]"}}
[debug] [2025-05-09T14:24:46.945Z] [runtime-status] [339062] Resolved module firebase-functions {"declared":true,"installed":true,"version":"6.3.2","resolution":"/mnt/new_volume/Agent/astrobalendar/apps/backend/functions/node_modules/firebase-functions/lib/v2/index.js"} {"metadata":{"emulator":{"name":"functions"},"function":{"name":"us-central1-api"},"extension":{},"message":"[runtime-status] [339062] Resolved module firebase-functions {\"declared\":true,\"installed\":true,\"version\":\"6.3.2\",\"resolution\":\"/mnt/new_volume/Agent/astrobalendar/apps/backend/functions/node_modules/firebase-functions/lib/v2/index.js\"}"}}
[debug] [2025-05-09T14:24:47.439Z] [runtime-status] [339062] Checked functions.config() {"config":{}} {"metadata":{"emulator":{"name":"functions"},"function":{"name":"us-central1-api"},"extension":{},"message":"[runtime-status] [339062] Checked functions.config() {\"config\":{}}"}}
[debug] [2025-05-09T14:24:47.440Z] [runtime-status] [339062] firebase-functions has been stubbed. {"functionsResolution":{"declared":true,"installed":true,"version":"6.3.2","resolution":"/mnt/new_volume/Agent/astrobalendar/apps/backend/functions/node_modules/firebase-functions/lib/v2/index.js"}} {"metadata":{"emulator":{"name":"functions"},"function":{"name":"us-central1-api"},"extension":{},"message":"[runtime-status] [339062] firebase-functions has been stubbed. {\"functionsResolution\":{\"declared\":true,\"installed\":true,\"version\":\"6.3.2\",\"resolution\":\"/mnt/new_volume/Agent/astrobalendar/apps/backend/functions/node_modules/firebase-functions/lib/v2/index.js\"}}"}}
[debug] [2025-05-09T14:24:47.441Z] [runtime-status] [339062] Resolved module firebase-functions {"declared":true,"installed":true,"version":"6.3.2","resolution":"/mnt/new_volume/Agent/astrobalendar/apps/backend/functions/node_modules/firebase-functions/lib/v2/index.js"} {"metadata":{"emulator":{"name":"functions"},"function":{"name":"us-central1-api"},"extension":{},"message":"[runtime-status] [339062] Resolved module firebase-functions {\"declared\":true,\"installed\":true,\"version\":\"6.3.2\",\"resolution\":\"/mnt/new_volume/Agent/astrobalendar/apps/backend/functions/node_modules/firebase-functions/lib/v2/index.js\"}"}}
[debug] [2025-05-09T14:24:47.447Z] [runtime-status] [339062] Resolved module firebase-admin {"declared":true,"installed":true,"version":"13.3.0","resolution":"/mnt/new_volume/Agent/astrobalendar/apps/backend/functions/node_modules/firebase-admin/lib/index.js"} {"metadata":{"emulator":{"name":"functions"},"function":{"name":"us-central1-api"},"extension":{},"message":"[runtime-status] [339062] Resolved module firebase-admin {\"declared\":true,\"installed\":true,\"version\":\"13.3.0\",\"resolution\":\"/mnt/new_volume/Agent/astrobalendar/apps/backend/functions/node_modules/firebase-admin/lib/index.js\"}"}}
[debug] [2025-05-09T14:24:47.450Z] [runtime-status] [339062] Resolved module firebase-functions {"declared":true,"installed":true,"version":"6.3.2","resolution":"/mnt/new_volume/Agent/astrobalendar/apps/backend/functions/node_modules/firebase-functions/lib/v2/index.js"} {"metadata":{"emulator":{"name":"functions"},"function":{"name":"us-central1-api"},"extension":{},"message":"[runtime-status] [339062] Resolved module firebase-functions {\"declared\":true,\"installed\":true,\"version\":\"6.3.2\",\"resolution\":\"/mnt/new_volume/Agent/astrobalendar/apps/backend/functions/node_modules/firebase-functions/lib/v2/index.js\"}"}}
[debug] [2025-05-09T14:24:47.451Z] [runtime-status] [339062] firebase-admin has been stubbed. {"adminResolution":{"declared":true,"installed":true,"version":"13.3.0","resolution":"/mnt/new_volume/Agent/astrobalendar/apps/backend/functions/node_modules/firebase-admin/lib/index.js"}} {"metadata":{"emulator":{"name":"functions"},"function":{"name":"us-central1-api"},"extension":{},"message":"[runtime-status] [339062] firebase-admin has been stubbed. {\"adminResolution\":{\"declared\":true,\"installed\":true,\"version\":\"13.3.0\",\"resolution\":\"/mnt/new_volume/Agent/astrobalendar/apps/backend/functions/node_modules/firebase-admin/lib/index.js\"}}"}}
[debug] [2025-05-09T14:24:47.600Z] [runtime-status] [339062] initializeApp(DEFAULT) {"storageBucket":"astrobalendar-2025-7505d.firebasestorage.app","projectId":"astrobalendar-2025-7505d"} {"metadata":{"emulator":{"name":"functions"},"function":{"name":"us-central1-api"},"extension":{},"message":"[runtime-status] [339062] initializeApp(DEFAULT) {\"storageBucket\":\"astrobalendar-2025-7505d.firebasestorage.app\",\"projectId\":\"astrobalendar-2025-7505d\"}"}}
[debug] [2025-05-09T14:24:47.619Z] [runtime-status] [339062] Functions runtime initialized. {"cwd":"/mnt/new_volume/Agent/astrobalendar/apps/backend/functions","node_version":"18.20.8"} {"metadata":{"emulator":{"name":"functions"},"function":{"name":"us-central1-api"},"extension":{},"message":"[runtime-status] [339062] Functions runtime initialized. {\"cwd\":\"/mnt/new_volume/Agent/astrobalendar/apps/backend/functions\",\"node_version\":\"18.20.8\"}"}}
[debug] [2025-05-09T14:24:47.620Z] [runtime-status] [339062] Listening to port: /tmp/fire_emu_5fb628f33a89b6a9.sock {"metadata":{"emulator":{"name":"functions"},"function":{"name":"us-central1-api"},"extension":{},"message":"[runtime-status] [339062] Listening to port: /tmp/fire_emu_5fb628f33a89b6a9.sock"}}
[debug] [2025-05-09T14:24:47.669Z] [worker-us-central1-api-4a0d3475-a2ab-4754-a943-18d7e2c28c31]: IDLE {"metadata":{"emulator":{"name":"functions"},"function":{"name":"us-central1-api"},"extension":{},"message":"[worker-us-central1-api-4a0d3475-a2ab-4754-a943-18d7e2c28c31]: IDLE"}}
[debug] [2025-05-09T14:24:47.670Z] [worker-pool] submitRequest(triggerId=us-central1-api) {"metadata":{"emulator":{"name":"functions"},"message":"[worker-pool] submitRequest(triggerId=us-central1-api)"}}
[info] i  functions: Beginning execution of "us-central1-api" {"metadata":{"emulator":{"name":"functions"},"function":{"name":"us-central1-api"},"extension":{},"message":"Beginning execution of \"us-central1-api\""}}
[debug] [2025-05-09T14:24:47.671Z] [worker-us-central1-api-4a0d3475-a2ab-4754-a943-18d7e2c28c31]: BUSY {"metadata":{"emulator":{"name":"functions"},"function":{"name":"us-central1-api"},"extension":{},"message":"[worker-us-central1-api-4a0d3475-a2ab-4754-a943-18d7e2c28c31]: BUSY"}}
[debug] [2025-05-09T14:24:47.682Z] Finishing up request with event=pause {"metadata":{"emulator":{"name":"functions"},"function":{"name":"us-central1-api"},"extension":{},"message":"Finishing up request with event=pause"}}
[info] i  functions: Finished "us-central1-api" in 11.791509ms {"metadata":{"emulator":{"name":"functions"},"function":{"name":"us-central1-api"},"extension":{},"message":"Finished \"us-central1-api\" in 11.791509ms"}}
[debug] [2025-05-09T14:24:47.683Z] [worker-us-central1-api-4a0d3475-a2ab-4754-a943-18d7e2c28c31]: IDLE {"metadata":{"emulator":{"name":"functions"},"function":{"name":"us-central1-api"},"extension":{},"message":"[worker-us-central1-api-4a0d3475-a2ab-4754-a943-18d7e2c28c31]: IDLE"}}
[debug] [2025-05-09T14:24:47.684Z] Finishing up request with event=finish {"metadata":{"emulator":{"name":"functions"},"function":{"name":"us-central1-api"},"extension":{},"message":"Finishing up request with event=finish"}}
[debug] [2025-05-09T14:24:47.684Z] Finishing up request with event=close {"metadata":{"emulator":{"name":"functions"},"function":{"name":"us-central1-api"},"extension":{},"message":"Finishing up request with event=close"}}
[debug] [2025-05-09T14:24:47.684Z] [work-queue] {"queuedWork":[],"queueLength":0,"runningWork":[],"workRunningCount":0}
[debug] [2025-05-09T14:24:57.394Z] File /mnt/new_volume/Agent/astrobalendar/apps/backend/functions/package.json changed, reloading triggers {"metadata":{"emulator":{"name":"functions"},"message":"File /mnt/new_volume/Agent/astrobalendar/apps/backend/functions/package.json changed, reloading triggers"}}
[debug] [2025-05-09T14:24:58.396Z] Validating nodejs source
[debug] [2025-05-09T14:24:59.503Z] > [functions] package.json contents: {
  "name": "astrobalendar-backend-functions",
  "description": "Firebase Cloud Functions for AstroBalendar astrology app",
  "main": "lib/index.js",
  "scripts": {
    "build": "tsc",
    "serve": "firebase emulators:start --only functions,firestore",
    "deploy": "firebase deploy --only functions",
    "dev": "nodemon --watch src/ --exec 'npm run serve'"
  },
  "engines": {
    "node": "18"
  },
  "dependencies": {
    "cors": "^2.8.5",
    "express": "^4.21.2",
    "firebase-admin": "^13.3.0",
    "firebase-functions": "^6.3.2"
  },
  "devDependencies": {
    "@types/express": "^4.17.21",
    "typescript": "^5.3.3"
  }
}
[debug] [2025-05-09T14:24:59.504Z] Building nodejs source
[debug] [2025-05-09T14:24:59.504Z] Failed to find version of module node: reached end of search path /mnt/new_volume/Agent/astrobalendar/apps/backend/functions/node_modules
[info] ✔  functions: Using node@18 from host. 
[debug] [2025-05-09T14:24:59.506Z] Could not find functions.yaml. Must use http discovery
[debug] [2025-05-09T14:24:59.509Z] Found firebase-functions binary at '/mnt/new_volume/Agent/astrobalendar/apps/backend/functions/node_modules/.bin/firebase-functions'
[info] Serving at port 8267

[debug] [2025-05-09T14:25:01.073Z] Got response from /__/functions.yaml {"endpoints":{"api":{"availableMemoryMb":null,"timeoutSeconds":null,"minInstances":null,"maxInstances":null,"ingressSettings":null,"concurrency":null,"serviceAccountEmail":null,"vpc":null,"platform":"gcfv2","labels":{},"httpsTrigger":{},"entryPoint":"api"}},"specVersion":"v1alpha1","requiredAPIs":[],"extensions":{}}
[info] ✔  functions: Loaded functions definitions from source: api. {"metadata":{"emulator":{"name":"functions"},"message":"Loaded functions definitions from source: api."}}
[debug] [2025-05-09T14:25:01.111Z] [worker-pool] Shutting down IDLE worker (us-central1-api) {"metadata":{"emulator":{"name":"functions"},"message":"[worker-pool] Shutting down IDLE worker (us-central1-api)"}}
[debug] [2025-05-09T14:25:01.111Z] [worker-us-central1-api-4a0d3475-a2ab-4754-a943-18d7e2c28c31]: FINISHING {"metadata":{"emulator":{"name":"functions"},"function":{"name":"us-central1-api"},"extension":{},"message":"[worker-us-central1-api-4a0d3475-a2ab-4754-a943-18d7e2c28c31]: FINISHING"}}
[debug] [2025-05-09T14:25:01.142Z] [worker-us-central1-api-4a0d3475-a2ab-4754-a943-18d7e2c28c31]: exited {"metadata":{"emulator":{"name":"functions"},"function":{"name":"us-central1-api"},"extension":{},"message":"[worker-us-central1-api-4a0d3475-a2ab-4754-a943-18d7e2c28c31]: exited"}}
[debug] [2025-05-09T14:25:01.143Z] [worker-us-central1-api-4a0d3475-a2ab-4754-a943-18d7e2c28c31]: FINISHED {"metadata":{"emulator":{"name":"functions"},"function":{"name":"us-central1-api"},"extension":{},"message":"[worker-us-central1-api-4a0d3475-a2ab-4754-a943-18d7e2c28c31]: FINISHED"}}
[debug] [2025-05-09T14:28:28.721Z] [work-queue] {"queuedWork":["/astrobalendar-2025-7505d/us-central1/api/health-2025-05-09T14:28:28.721Z"],"queueLength":1,"runningWork":[],"workRunningCount":0}
[debug] [2025-05-09T14:28:28.722Z] [work-queue] {"queuedWork":[],"queueLength":0,"runningWork":["/astrobalendar-2025-7505d/us-central1/api/health-2025-05-09T14:28:28.721Z"],"workRunningCount":1}
[debug] [2025-05-09T14:28:28.722Z] Accepted request GET /astrobalendar-2025-7505d/us-central1/api/health --> us-central1-api
[debug] [2025-05-09T14:28:28.727Z] [functions] Runtime ready! Sending request! {"metadata":{"emulator":{"name":"functions"},"message":"[functions] Runtime ready! Sending request!"}}
[debug] [2025-05-09T14:28:28.728Z] [functions] Got req.url=/astrobalendar-2025-7505d/us-central1/api/health, mapping to path=/health {"metadata":{"emulator":{"name":"functions"},"message":"[functions] Got req.url=/astrobalendar-2025-7505d/us-central1/api/health, mapping to path=/health"}}
[debug] [2025-05-09T14:28:28.728Z] [worker-pool] Cleaned up workers for us-central1-api: 1 --> 0 {"metadata":{"emulator":{"name":"functions"},"message":"[worker-pool] Cleaned up workers for us-central1-api: 1 --> 0"}}
[debug] [2025-05-09T14:28:28.739Z] [worker-pool] addWorker(us-central1-api) {"metadata":{"emulator":{"name":"functions"},"message":"[worker-pool] addWorker(us-central1-api)"}}
[debug] [2025-05-09T14:28:28.740Z] [worker-pool] Adding worker with key us-central1-api, total=1 {"metadata":{"emulator":{"name":"functions"},"message":"[worker-pool] Adding worker with key us-central1-api, total=1"}}
[debug] [2025-05-09T14:28:30.467Z] [runtime-status] [339663] Resolved module firebase-admin {"declared":true,"installed":true,"version":"13.3.0","resolution":"/mnt/new_volume/Agent/astrobalendar/apps/backend/functions/node_modules/firebase-admin/lib/index.js"} {"metadata":{"emulator":{"name":"functions"},"function":{"name":"us-central1-api"},"extension":{},"message":"[runtime-status] [339663] Resolved module firebase-admin {\"declared\":true,\"installed\":true,\"version\":\"13.3.0\",\"resolution\":\"/mnt/new_volume/Agent/astrobalendar/apps/backend/functions/node_modules/firebase-admin/lib/index.js\"}"}}
[debug] [2025-05-09T14:28:30.484Z] [runtime-status] [339663] Resolved module firebase-functions {"declared":true,"installed":true,"version":"6.3.2","resolution":"/mnt/new_volume/Agent/astrobalendar/apps/backend/functions/node_modules/firebase-functions/lib/v2/index.js"} {"metadata":{"emulator":{"name":"functions"},"function":{"name":"us-central1-api"},"extension":{},"message":"[runtime-status] [339663] Resolved module firebase-functions {\"declared\":true,\"installed\":true,\"version\":\"6.3.2\",\"resolution\":\"/mnt/new_volume/Agent/astrobalendar/apps/backend/functions/node_modules/firebase-functions/lib/v2/index.js\"}"}}
[debug] [2025-05-09T14:28:30.486Z] [runtime-status] [339663] Outgoing network have been stubbed. [{"name":"http","status":"mocked"},{"name":"http","status":"mocked"},{"name":"https","status":"mocked"},{"name":"https","status":"mocked"},{"name":"net","status":"mocked"}] {"metadata":{"emulator":{"name":"functions"},"function":{"name":"us-central1-api"},"extension":{},"message":"[runtime-status] [339663] Outgoing network have been stubbed. [{\"name\":\"http\",\"status\":\"mocked\"},{\"name\":\"http\",\"status\":\"mocked\"},{\"name\":\"https\",\"status\":\"mocked\"},{\"name\":\"https\",\"status\":\"mocked\"},{\"name\":\"net\",\"status\":\"mocked\"}]"}}
[debug] [2025-05-09T14:28:30.492Z] [runtime-status] [339663] Resolved module firebase-functions {"declared":true,"installed":true,"version":"6.3.2","resolution":"/mnt/new_volume/Agent/astrobalendar/apps/backend/functions/node_modules/firebase-functions/lib/v2/index.js"} {"metadata":{"emulator":{"name":"functions"},"function":{"name":"us-central1-api"},"extension":{},"message":"[runtime-status] [339663] Resolved module firebase-functions {\"declared\":true,\"installed\":true,\"version\":\"6.3.2\",\"resolution\":\"/mnt/new_volume/Agent/astrobalendar/apps/backend/functions/node_modules/firebase-functions/lib/v2/index.js\"}"}}
[debug] [2025-05-09T14:28:31.352Z] [runtime-status] [339663] Checked functions.config() {"config":{}} {"metadata":{"emulator":{"name":"functions"},"function":{"name":"us-central1-api"},"extension":{},"message":"[runtime-status] [339663] Checked functions.config() {\"config\":{}}"}}
[debug] [2025-05-09T14:28:31.353Z] [runtime-status] [339663] firebase-functions has been stubbed. {"functionsResolution":{"declared":true,"installed":true,"version":"6.3.2","resolution":"/mnt/new_volume/Agent/astrobalendar/apps/backend/functions/node_modules/firebase-functions/lib/v2/index.js"}} {"metadata":{"emulator":{"name":"functions"},"function":{"name":"us-central1-api"},"extension":{},"message":"[runtime-status] [339663] firebase-functions has been stubbed. {\"functionsResolution\":{\"declared\":true,\"installed\":true,\"version\":\"6.3.2\",\"resolution\":\"/mnt/new_volume/Agent/astrobalendar/apps/backend/functions/node_modules/firebase-functions/lib/v2/index.js\"}}"}}
[debug] [2025-05-09T14:28:31.354Z] [runtime-status] [339663] Resolved module firebase-functions {"declared":true,"installed":true,"version":"6.3.2","resolution":"/mnt/new_volume/Agent/astrobalendar/apps/backend/functions/node_modules/firebase-functions/lib/v2/index.js"} {"metadata":{"emulator":{"name":"functions"},"function":{"name":"us-central1-api"},"extension":{},"message":"[runtime-status] [339663] Resolved module firebase-functions {\"declared\":true,\"installed\":true,\"version\":\"6.3.2\",\"resolution\":\"/mnt/new_volume/Agent/astrobalendar/apps/backend/functions/node_modules/firebase-functions/lib/v2/index.js\"}"}}
[debug] [2025-05-09T14:28:31.360Z] [runtime-status] [339663] Resolved module firebase-admin {"declared":true,"installed":true,"version":"13.3.0","resolution":"/mnt/new_volume/Agent/astrobalendar/apps/backend/functions/node_modules/firebase-admin/lib/index.js"} {"metadata":{"emulator":{"name":"functions"},"function":{"name":"us-central1-api"},"extension":{},"message":"[runtime-status] [339663] Resolved module firebase-admin {\"declared\":true,\"installed\":true,\"version\":\"13.3.0\",\"resolution\":\"/mnt/new_volume/Agent/astrobalendar/apps/backend/functions/node_modules/firebase-admin/lib/index.js\"}"}}
[debug] [2025-05-09T14:28:31.363Z] [runtime-status] [339663] Resolved module firebase-functions {"declared":true,"installed":true,"version":"6.3.2","resolution":"/mnt/new_volume/Agent/astrobalendar/apps/backend/functions/node_modules/firebase-functions/lib/v2/index.js"} {"metadata":{"emulator":{"name":"functions"},"function":{"name":"us-central1-api"},"extension":{},"message":"[runtime-status] [339663] Resolved module firebase-functions {\"declared\":true,\"installed\":true,\"version\":\"6.3.2\",\"resolution\":\"/mnt/new_volume/Agent/astrobalendar/apps/backend/functions/node_modules/firebase-functions/lib/v2/index.js\"}"}}
[debug] [2025-05-09T14:28:31.364Z] [runtime-status] [339663] firebase-admin has been stubbed. {"adminResolution":{"declared":true,"installed":true,"version":"13.3.0","resolution":"/mnt/new_volume/Agent/astrobalendar/apps/backend/functions/node_modules/firebase-admin/lib/index.js"}} {"metadata":{"emulator":{"name":"functions"},"function":{"name":"us-central1-api"},"extension":{},"message":"[runtime-status] [339663] firebase-admin has been stubbed. {\"adminResolution\":{\"declared\":true,\"installed\":true,\"version\":\"13.3.0\",\"resolution\":\"/mnt/new_volume/Agent/astrobalendar/apps/backend/functions/node_modules/firebase-admin/lib/index.js\"}}"}}
[debug] [2025-05-09T14:28:31.514Z] [runtime-status] [339663] initializeApp(DEFAULT) {"storageBucket":"astrobalendar-2025-7505d.firebasestorage.app","projectId":"astrobalendar-2025-7505d"} {"metadata":{"emulator":{"name":"functions"},"function":{"name":"us-central1-api"},"extension":{},"message":"[runtime-status] [339663] initializeApp(DEFAULT) {\"storageBucket\":\"astrobalendar-2025-7505d.firebasestorage.app\",\"projectId\":\"astrobalendar-2025-7505d\"}"}}
[debug] [2025-05-09T14:28:31.532Z] [runtime-status] [339663] Functions runtime initialized. {"cwd":"/mnt/new_volume/Agent/astrobalendar/apps/backend/functions","node_version":"18.20.8"} {"metadata":{"emulator":{"name":"functions"},"function":{"name":"us-central1-api"},"extension":{},"message":"[runtime-status] [339663] Functions runtime initialized. {\"cwd\":\"/mnt/new_volume/Agent/astrobalendar/apps/backend/functions\",\"node_version\":\"18.20.8\"}"}}
[debug] [2025-05-09T14:28:31.534Z] [runtime-status] [339663] Listening to port: /tmp/fire_emu_6c7d2106404db6ad.sock {"metadata":{"emulator":{"name":"functions"},"function":{"name":"us-central1-api"},"extension":{},"message":"[runtime-status] [339663] Listening to port: /tmp/fire_emu_6c7d2106404db6ad.sock"}}
[debug] [2025-05-09T14:28:31.595Z] [worker-us-central1-api-8aab8b37-b1cc-466a-b516-05f01fd7f4d4]: IDLE {"metadata":{"emulator":{"name":"functions"},"function":{"name":"us-central1-api"},"extension":{},"message":"[worker-us-central1-api-8aab8b37-b1cc-466a-b516-05f01fd7f4d4]: IDLE"}}
[debug] [2025-05-09T14:28:31.595Z] [worker-pool] submitRequest(triggerId=us-central1-api) {"metadata":{"emulator":{"name":"functions"},"message":"[worker-pool] submitRequest(triggerId=us-central1-api)"}}
[info] i  functions: Beginning execution of "us-central1-api" {"metadata":{"emulator":{"name":"functions"},"function":{"name":"us-central1-api"},"extension":{},"message":"Beginning execution of \"us-central1-api\""}}
[debug] [2025-05-09T14:28:31.596Z] [worker-us-central1-api-8aab8b37-b1cc-466a-b516-05f01fd7f4d4]: BUSY {"metadata":{"emulator":{"name":"functions"},"function":{"name":"us-central1-api"},"extension":{},"message":"[worker-us-central1-api-8aab8b37-b1cc-466a-b516-05f01fd7f4d4]: BUSY"}}
[debug] [2025-05-09T14:28:31.609Z] Finishing up request with event=pause {"metadata":{"emulator":{"name":"functions"},"function":{"name":"us-central1-api"},"extension":{},"message":"Finishing up request with event=pause"}}
[info] i  functions: Finished "us-central1-api" in 13.835375ms {"metadata":{"emulator":{"name":"functions"},"function":{"name":"us-central1-api"},"extension":{},"message":"Finished \"us-central1-api\" in 13.835375ms"}}
[debug] [2025-05-09T14:28:31.610Z] [worker-us-central1-api-8aab8b37-b1cc-466a-b516-05f01fd7f4d4]: IDLE {"metadata":{"emulator":{"name":"functions"},"function":{"name":"us-central1-api"},"extension":{},"message":"[worker-us-central1-api-8aab8b37-b1cc-466a-b516-05f01fd7f4d4]: IDLE"}}
[debug] [2025-05-09T14:28:31.611Z] Finishing up request with event=finish {"metadata":{"emulator":{"name":"functions"},"function":{"name":"us-central1-api"},"extension":{},"message":"Finishing up request with event=finish"}}
[debug] [2025-05-09T14:28:31.611Z] Finishing up request with event=close {"metadata":{"emulator":{"name":"functions"},"function":{"name":"us-central1-api"},"extension":{},"message":"Finishing up request with event=close"}}
[debug] [2025-05-09T14:28:31.611Z] [work-queue] {"queuedWork":[],"queueLength":0,"runningWork":[],"workRunningCount":0}
[debug] [2025-05-09T15:43:07.793Z] Received signal SIGHUP 1
[info]  
[info] i  emulators: Received SIGHUP for the first time. Starting a clean shutdown. 
[info] i  emulators: Please wait for a clean shutdown or send the SIGHUP signal again to stop right now. 
[info] i  emulators: Shutting down emulators. {"metadata":{"emulator":{"name":"hub"},"message":"Shutting down emulators."}}
[info] i  ui: Stopping Emulator UI {"metadata":{"emulator":{"name":"ui"},"message":"Stopping Emulator UI"}}
[info] i  functions: Stopping Functions Emulator {"metadata":{"emulator":{"name":"functions"},"message":"Stopping Functions Emulator"}}
[info] i  firestore: Stopping Firestore Emulator {"metadata":{"emulator":{"name":"firestore"},"message":"Stopping Firestore Emulator"}}
[debug] [2025-05-09T15:43:07.800Z] *** shutting down gRPC server since JVM is shutting down
 {"metadata":{"emulator":{"name":"firestore"},"message":"*** shutting down gRPC server since JVM is shutting down\n"}}
[debug] [2025-05-09T15:43:07.807Z] [worker-us-central1-api-8aab8b37-b1cc-466a-b516-05f01fd7f4d4]: exited {"metadata":{"emulator":{"name":"functions"},"function":{"name":"us-central1-api"},"extension":{},"message":"[worker-us-central1-api-8aab8b37-b1cc-466a-b516-05f01fd7f4d4]: exited"}}
[debug] [2025-05-09T15:43:07.807Z] [worker-us-central1-api-8aab8b37-b1cc-466a-b516-05f01fd7f4d4]: FINISHED {"metadata":{"emulator":{"name":"functions"},"function":{"name":"us-central1-api"},"extension":{},"message":"[worker-us-central1-api-8aab8b37-b1cc-466a-b516-05f01fd7f4d4]: FINISHED"}}
[debug] [2025-05-09T15:43:07.815Z] *** server shut down
 {"metadata":{"emulator":{"name":"firestore"},"message":"*** server shut down\n"}}
[info] i  eventarc: Stopping Eventarc Emulator {"metadata":{"emulator":{"name":"eventarc"},"message":"Stopping Eventarc Emulator"}}
[info] i  tasks: Stopping Cloud Tasks Emulator {"metadata":{"emulator":{"name":"tasks"},"message":"Stopping Cloud Tasks Emulator"}}
[info] i  hub: Stopping emulator hub {"metadata":{"emulator":{"name":"hub"},"message":"Stopping emulator hub"}}
[info] i  logging: Stopping Logging Emulator {"metadata":{"emulator":{"name":"logging"},"message":"Stopping Logging Emulator"}}
